 Conditionally compress A.dat with reference to G.dat.
 Searching for approximate repeats!
  The compressed filename is A.GEN!
0.016526%
7.089737%
12.510329%
18.757230%
25.004132%
31.251033%
37.497934%
43.744836%
49.991737%
56.238638%
62.485540%
68.732441%
74.979342%
83.457280%
87.473145%
93.720046%
99.966948%


 The size of original file is 6051 bytes.
 The size of compressed file is 1410 bytes.
 The compression ratio is 76.698066%.
    (defined by 1-|compressed_file|/|original_file|)

 Note: To verify the correctness of compression, you need follow the next two steps and then see what happens.
       1>  gendecompress  original_file.gen  [-c reference_file] 
       2>  comparetwofile  original_file  original_file.out 
