 Unconditionally compress AB.dat.
 Searching for approximate repeats!
 The compressed filename is AB.GEN!
0.008989%
6.256180%
12.503371%
18.750562%
24.997753%
31.244944%
37.492135%
43.739326%
49.986517%
56.233708%
62.480899%
68.728090%
74.975281%
81.222472%
87.928090%
95.523596%
99.964045%
.

 The size of original file is 11125 bytes.
 The size of compressed file is 2590 bytes.
 The compression ratio is 76.719101%.
    (defined by 1-|compressed_file|/|original_file|)

 Note: To verify the correctness of compression, you need follow the next two steps and then see what happens.
       1>  gendecompress  original_file.gen  [-c reference_file] 
       2>  comparetwofile  original_file  original_file.out 
