 Unconditionally compress AF.dat.
 Searching for approximate repeats!
 The compressed filename is AF.GEN!
0.009276%
6.252319%
12.495362%
18.738404%
24.981447%
31.224490%
37.467532%
43.710575%
49.953618%
56.196660%
62.439703%
68.682746%
74.925788%
81.168831%
87.680891%
95.426716%
99.897959%
.

 The size of original file is 10780 bytes.
 The size of compressed file is 2535 bytes.
 The compression ratio is 76.484230%.
    (defined by 1-|compressed_file|/|original_file|)

 Note: To verify the correctness of compression, you need follow the next two steps and then see what happens.
       1>  gendecompress  original_file.gen  [-c reference_file] 
       2>  comparetwofile  original_file  original_file.out 
