 Conditionally compress B.dat with reference to E.dat.
 Searching for approximate repeats!
  The compressed filename is B.GEN!
2.562081%
9.400867%
12.514781%
18.762318%
25.009854%
33.346472%
41.131257%
43.752464%
50.788333%
58.100118%
62.495073%
68.742609%
78.478518%
81.237682%
93.023256%
93.732755%
99.980292%


 The size of original file is 5074 bytes.
 The size of compressed file is 702 bytes.
 The compression ratio is 86.164762%.
    (defined by 1-|compressed_file|/|original_file|)

 Note: To verify the correctness of compression, you need follow the next two steps and then see what happens.
       1>  gendecompress  original_file.gen  [-c reference_file] 
       2>  comparetwofile  original_file  original_file.out 
