 Conditionally compress B.dat with reference to F.dat.
 Searching for approximate repeats!
  The compressed filename is B.GEN!
10.760741%
10.780449%
14.958613%
18.841151%
25.009854%
33.425305%
41.190382%
43.752464%
58.435160%
58.454868%
62.495073%
68.742609%
78.655893%
81.513599%
94.087505%
94.107213%
100.000000%


 The size of original file is 5074 bytes.
 The size of compressed file is 425 bytes.
 The compression ratio is 91.623965%.
    (defined by 1-|compressed_file|/|original_file|)

 Note: To verify the correctness of compression, you need follow the next two steps and then see what happens.
       1>  gendecompress  original_file.gen  [-c reference_file] 
       2>  comparetwofile  original_file  original_file.out 
