 Conditionally compress B.dat with reference to G.dat.
 Searching for approximate repeats!
  The compressed filename is B.GEN!
0.019708%
6.267245%
12.514781%
18.762318%
25.009854%
31.257391%
37.504927%
43.752464%
50.000000%
57.173827%
62.495073%
68.742609%
76.606228%
81.237682%
90.185258%
93.732755%
99.980292%


 The size of original file is 5074 bytes.
 The size of compressed file is 1047 bytes.
 The compression ratio is 79.365392%.
    (defined by 1-|compressed_file|/|original_file|)

 Note: To verify the correctness of compression, you need follow the next two steps and then see what happens.
       1>  gendecompress  original_file.gen  [-c reference_file] 
       2>  comparetwofile  original_file  original_file.out 
