 Unconditionally compress BG.dat.
 Searching for approximate repeats!
 The compressed filename is BG.GEN!
0.011670%
6.255106%
12.498541%
18.741977%
24.985413%
31.228848%
37.472284%
43.715719%
49.959155%
56.202591%
62.446026%
68.689462%
74.932898%
81.176333%
87.816548%
95.226981%
99.906640%


 The size of original file is 8569 bytes.
 The size of compressed file is 1968 bytes.
 The compression ratio is 77.033493%.
    (defined by 1-|compressed_file|/|original_file|)

 Note: To verify the correctness of compression, you need follow the next two steps and then see what happens.
       1>  gendecompress  original_file.gen  [-c reference_file] 
       2>  comparetwofile  original_file  original_file.out 
