 Conditionally compress C.dat with reference to E.dat.
 Searching for approximate repeats!
  The compressed filename is C.GEN!
1.989004%
7.697283%
12.500000%
20.148771%
26.131953%
31.581501%
37.677878%
45.084088%
49.951488%
56.193402%
62.435317%
68.677232%
74.919146%
84.718629%
96.523286%
96.539457%
100.000000%


 The size of original file is 6184 bytes.
 The size of compressed file is 994 bytes.
 The compression ratio is 83.926261%.
    (defined by 1-|compressed_file|/|original_file|)

 Note: To verify the correctness of compression, you need follow the next two steps and then see what happens.
       1>  gendecompress  original_file.gen  [-c reference_file] 
       2>  comparetwofile  original_file  original_file.out 
