 Conditionally compress C.dat with reference to H.dat.
 Searching for approximate repeats!
  The compressed filename is C.GEN!
0.016171%
6.258085%
12.500000%
19.922380%
24.983829%
31.225744%
37.467658%
43.709573%
49.951488%
56.193402%
62.435317%
68.677232%
74.919146%
83.974774%
87.402975%
93.644890%
99.886805%


 The size of original file is 6184 bytes.
 The size of compressed file is 1428 bytes.
 The compression ratio is 76.908150%.
    (defined by 1-|compressed_file|/|original_file|)

 Note: To verify the correctness of compression, you need follow the next two steps and then see what happens.
       1>  gendecompress  original_file.gen  [-c reference_file] 
       2>  comparetwofile  original_file  original_file.out 
