 Unconditionally compress CG.dat.
 Searching for approximate repeats!
 The compressed filename is CG.GEN!
0.010332%
6.250646%
12.490960%
18.731274%
24.971588%
31.211902%
37.452216%
43.692530%
49.932844%
56.173158%
62.413472%
68.653787%
75.100734%
81.134415%
88.252919%
93.615043%
99.855357%
..

 The size of original file is 9679 bytes.
 The size of compressed file is 2286 bytes.
 The compression ratio is 76.381858%.
    (defined by 1-|compressed_file|/|original_file|)

 Note: To verify the correctness of compression, you need follow the next two steps and then see what happens.
       1>  gendecompress  original_file.gen  [-c reference_file] 
       2>  comparetwofile  original_file  original_file.out 
