 Conditionally compress D.dat with reference to F.dat.
 Searching for approximate repeats!
  The compressed filename is D.GEN!
11.517559%
11.538462%
12.520903%
19.105351%
33.361204%
33.382107%
41.806020%
60.535117%
60.556020%
60.576923%
66.074415%
77.529264%
77.550167%
94.627926%
94.648829%
94.669732%


 The size of original file is 4784 bytes.
 The size of compressed file is 344 bytes.
 The compression ratio is 92.809365%.
    (defined by 1-|compressed_file|/|original_file|)

 Note: To verify the correctness of compression, you need follow the next two steps and then see what happens.
       1>  gendecompress  original_file.gen  [-c reference_file] 
       2>  comparetwofile  original_file  original_file.out 
