 Conditionally compress E.dat with reference to F.dat.
 Searching for approximate repeats!
  The compressed filename is E.GEN!
3.092281%
11.614317%
12.490869%
18.724130%
24.957390%
31.190650%
40.297054%
48.794741%
57.706355%
57.730704%
62.356952%
76.113952%
76.138300%
93.377161%
93.401510%
93.523253%
99.756513%


 The size of original file is 4107 bytes.
 The size of compressed file is 549 bytes.
 The compression ratio is 86.632579%.
    (defined by 1-|compressed_file|/|original_file|)

 Note: To verify the correctness of compression, you need follow the next two steps and then see what happens.
       1>  gendecompress  original_file.gen  [-c reference_file] 
       2>  comparetwofile  original_file  original_file.out 
