 Conditionally compress F.dat with reference to H.dat.
 Searching for approximate repeats!
  The compressed filename is F.GEN!
0.021146%
6.259251%
12.497357%
18.735462%
24.973567%
31.571157%
38.316769%
43.687883%
49.925989%
56.438993%
62.402199%
68.640305%
76.126031%
81.116515%
89.553817%
93.592726%
99.830831%


 The size of original file is 4729 bytes.
 The size of compressed file is 1043 bytes.
 The compression ratio is 77.944597%.
    (defined by 1-|compressed_file|/|original_file|)

 Note: To verify the correctness of compression, you need follow the next two steps and then see what happens.
       1>  gendecompress  original_file.gen  [-c reference_file] 
       2>  comparetwofile  original_file  original_file.out 
