 Unconditionally compress FG.dat.
 Searching for approximate repeats!
 The compressed filename is FG.GEN!
0.012160%
6.262160%
12.512160%
18.762160%
25.012160%
31.262160%
37.512160%
43.762160%
50.012160%
56.262160%
62.512160%
68.762160%
75.012160%
81.906615%
87.512160%
95.026751%


 The size of original file is 8224 bytes.
 The size of compressed file is 1911 bytes.
 The compression ratio is 76.763132%.
    (defined by 1-|compressed_file|/|original_file|)

 Note: To verify the correctness of compression, you need follow the next two steps and then see what happens.
       1>  gendecompress  original_file.gen  [-c reference_file] 
       2>  comparetwofile  original_file  original_file.out 
